Base path: '/Applications/Unity/Hub/Editor/2019.2.21f1/Unity.app/Contents', plugins path '/Applications/Unity/Hub/Editor/2019.2.21f1/PlaybackEngines'
Cmd: initializeCompiler
Cmd: compileComputeKernel
  api=14 insize=2059 outsize=2127 ok=1
Cmd: translateComputeKernel
  api=14 insize=2127 outsize=3870 ok=1
Cmd: compileComputeKernel
  api=14 insize=10881 outsize=10700 ok=1
Cmd: translateComputeKernel
  api=14 insize=10544 outsize=18402 ok=1
Cmd: compileComputeKernel
  api=14 insize=4855 outsize=5116 ok=1
Cmd: translateComputeKernel
  api=14 insize=5372 outsize=7534 ok=1
Cmd: compileComputeKernel
  api=14 insize=3396 outsize=3205 ok=1
Cmd: translateComputeKernel
  api=14 insize=3386 outsize=5934 ok=1
Cmd: compileComputeKernel
  api=14 insize=18299 outsize=9597 ok=1
Cmd: compileComputeKernel
  api=14 insize=18299 outsize=11294 ok=1
Cmd: translateComputeKernel
  api=14 insize=9678 outsize=16573 ok=1
Cmd: translateComputeKernel
  api=14 insize=11294 outsize=24763 ok=1
Cmd: translateComputeKernel
  api=14 insize=6993 outsize=13506 ok=1
Cmd: compileComputeKernel
  api=14 insize=1454 outsize=1199 ok=1
Cmd: compileComputeKernel
  api=14 insize=2044 outsize=1477 ok=1
Cmd: translateComputeKernel
  api=14 insize=1472 outsize=2240 ok=1
